[0m15:57:06.820676 [debug] [MainThread]: Sending event: {'category': 'dbt', 'action': 'invocation', 'label': 'start', 'context': [<snowplow_tracker.self_describing_json.SelfDescribingJson object at 0x000001D4ADC34050>, <snowplow_tracker.self_describing_json.SelfDescribingJson object at 0x000001D4ADBD4BF0>, <snowplow_tracker.self_describing_json.SelfDescribingJson object at 0x000001D4ADBD54C0>]}


============================== 15:57:06.872243 | fcf28418-4719-4ecc-ae0a-0a56a67c150c ==============================
[0m15:57:06.872243 [info ] [MainThread]: Running with dbt=1.11.2
[0m15:57:06.873222 [debug] [MainThread]: running dbt with arguments {'version_check': 'True', 'no_print': 'None', 'static_parser': 'True', 'target_path': 'None', 'warn_error_options': 'WarnErrorOptionsV2(error=[], warn=[], silence=[])', 'printer_width': '80', 'write_json': 'True', 'introspect': 'True', 'log_cache_events': 'False', 'empty': 'None', 'cache_selected_only': 'False', 'fail_fast': 'False', 'debug': 'False', 'log_format': 'default', 'profiles_dir': 'C:\\Users\\KASABA\\.dbt', 'send_anonymous_usage_stats': 'True', 'quiet': 'False', 'warn_error': 'None', 'partial_parse': 'True', 'use_colors': 'True', 'indirect_selection': 'eager', 'invocation_command': 'dbt init', 'use_experimental_parser': 'False', 'log_path': 'logs'}
[0m15:57:07.045537 [info ] [MainThread]: Creating dbt configuration folder at C:\Users\KASABA\.dbt
[0m15:58:39.846901 [debug] [MainThread]: Starter project path: C:\Users\KASABA\IdeaProjects\dbt-learn\.venv\Lib\site-packages\dbt\include\starter_project
[0m15:58:39.886606 [info ] [MainThread]: 
Your new dbt project "dbt_demo" was created!

For more information on how to configure the profiles.yml file,
please consult the dbt documentation here:

  https://docs.getdbt.com/docs/configure-your-profile

One more thing:

Need help? Don't hesitate to reach out to us via GitHub issues or on Slack:

  https://community.getdbt.com/

Happy modeling!

[0m15:58:39.887607 [info ] [MainThread]: Setting up your profile.
[0m15:59:12.142912 [debug] [MainThread]: Spark adapter: Setting pyhive.hive logging to ERROR
[0m15:59:12.142912 [debug] [MainThread]: Spark adapter: Setting thrift.transport logging to ERROR
[0m15:59:12.144020 [debug] [MainThread]: Spark adapter: Setting thrift.protocol logging to ERROR
[0m16:05:03.629608 [info ] [MainThread]: Profile dbt_demo written to C:\Users\KASABA\.dbt\profiles.yml using target's profile_template.yml and your supplied values. Run 'dbt debug' to validate the connection.
[0m16:05:03.633683 [debug] [MainThread]: Command `dbt init` succeeded at 16:05:03.632671 after 477.08 seconds
[0m16:05:03.634704 [debug] [MainThread]: Sending event: {'category': 'dbt', 'action': 'invocation', 'label': 'end', 'context': [<snowplow_tracker.self_describing_json.SelfDescribingJson object at 0x000001D4ACDB63F0>, <snowplow_tracker.self_describing_json.SelfDescribingJson object at 0x000001D4C23A0110>, <snowplow_tracker.self_describing_json.SelfDescribingJson object at 0x000001D4C24C69F0>]}
[0m16:05:03.635055 [debug] [MainThread]: Flushing usage events
[0m16:05:04.641029 [debug] [MainThread]: An error was encountered while trying to flush usage events
[0m16:05:29.999967 [debug] [MainThread]: Sending event: {'category': 'dbt', 'action': 'invocation', 'label': 'start', 'context': [<snowplow_tracker.self_describing_json.SelfDescribingJson object at 0x000001657BE9D5B0>, <snowplow_tracker.self_describing_json.SelfDescribingJson object at 0x000001657BBB6060>, <snowplow_tracker.self_describing_json.SelfDescribingJson object at 0x000001657BBB5B50>]}


============================== 16:05:30.005259 | 75fc4cbe-0c91-48f2-b218-68240cd9dbea ==============================
[0m16:05:30.005259 [info ] [MainThread]: Running with dbt=1.11.2
[0m16:05:30.006165 [debug] [MainThread]: running dbt with arguments {'static_parser': 'True', 'no_print': 'None', 'version_check': 'True', 'target_path': 'None', 'warn_error_options': 'WarnErrorOptionsV2(error=[], warn=[], silence=[])', 'printer_width': '80', 'write_json': 'True', 'introspect': 'True', 'log_cache_events': 'False', 'empty': 'None', 'cache_selected_only': 'False', 'log_format': 'default', 'debug': 'False', 'fail_fast': 'False', 'profiles_dir': 'C:\\Users\\KASABA\\.dbt', 'send_anonymous_usage_stats': 'True', 'quiet': 'False', 'warn_error': 'None', 'partial_parse': 'True', 'use_colors': 'True', 'invocation_command': 'dbt debug', 'indirect_selection': 'eager', 'use_experimental_parser': 'False', 'log_path': 'logs'}
[0m16:05:30.043787 [info ] [MainThread]: dbt version: 1.11.2
[0m16:05:30.044748 [info ] [MainThread]: python version: 3.12.9
[0m16:05:30.044748 [info ] [MainThread]: python path: C:\Users\KASABA\IdeaProjects\dbt-learn\.venv\Scripts\python.exe
[0m16:05:30.045838 [info ] [MainThread]: os info: Windows-11-10.0.22631-SP0
[0m16:05:31.020065 [debug] [MainThread]: Spark adapter: Setting pyhive.hive logging to ERROR
[0m16:05:31.020065 [debug] [MainThread]: Spark adapter: Setting thrift.transport logging to ERROR
[0m16:05:31.020065 [debug] [MainThread]: Spark adapter: Setting thrift.protocol logging to ERROR
[0m16:05:32.057155 [info ] [MainThread]: Using profiles dir at C:\Users\KASABA\.dbt
[0m16:05:32.058141 [info ] [MainThread]: Using profiles.yml file at C:\Users\KASABA\.dbt\profiles.yml
[0m16:05:32.059139 [info ] [MainThread]: Using dbt_project.yml file at C:\Users\KASABA\IdeaProjects\dbt-learn\dbt_project.yml
[0m16:05:32.059139 [info ] [MainThread]: adapter type: databricks
[0m16:05:32.060137 [info ] [MainThread]: adapter version: 1.10.9
[0m16:05:32.060137 [info ] [MainThread]: Configuration:
[0m16:05:32.061138 [info ] [MainThread]:   profiles.yml file [[32mOK found and valid[0m]
[0m16:05:32.061138 [info ] [MainThread]:   dbt_project.yml file [[31mERROR not found[0m]
[0m16:05:32.062137 [info ] [MainThread]: Required dependencies:
[0m16:05:32.062137 [debug] [MainThread]: Executing "git --help"
[0m16:05:32.148274 [debug] [MainThread]: STDOUT: "b"usage: git [-v | --version] [-h | --help] [-C <path>] [-c <name>=<value>]\n           [--exec-path[=<path>]] [--html-path] [--man-path] [--info-path]\n           [-p | --paginate | -P | --no-pager] [--no-replace-objects] [--no-lazy-fetch]\n           [--no-optional-locks] [--no-advice] [--bare] [--git-dir=<path>]\n           [--work-tree=<path>] [--namespace=<name>] [--config-env=<name>=<envvar>]\n           <command> [<args>]\n\nThese are common Git commands used in various situations:\n\nstart a working area (see also: git help tutorial)\n   clone      Clone a repository into a new directory\n   init       Create an empty Git repository or reinitialize an existing one\n\nwork on the current change (see also: git help everyday)\n   add        Add file contents to the index\n   mv         Move or rename a file, a directory, or a symlink\n   restore    Restore working tree files\n   rm         Remove files from the working tree and from the index\n\nexamine the history and state (see also: git help revisions)\n   bisect     Use binary search to find the commit that introduced a bug\n   diff       Show changes between commits, commit and working tree, etc\n   grep       Print lines matching a pattern\n   log        Show commit logs\n   show       Show various types of objects\n   status     Show the working tree status\n\ngrow, mark and tweak your common history\n   backfill   Download missing objects in a partial clone\n   branch     List, create, or delete branches\n   commit     Record changes to the repository\n   merge      Join two or more development histories together\n   rebase     Reapply commits on top of another base tip\n   reset      Reset current HEAD to the specified state\n   switch     Switch branches\n   tag        Create, list, delete or verify tags\n\ncollaborate (see also: git help workflows)\n   fetch      Download objects and refs from another repository\n   pull       Fetch from and integrate with another repository or a local branch\n   push       Update remote refs along with associated objects\n\n'git help -a' and 'git help -g' list available subcommands and some\nconcept guides. See 'git help <command>' or 'git help <concept>'\nto read about a specific subcommand or concept.\nSee 'git help git' for an overview of the system.\n""
[0m16:05:32.148274 [debug] [MainThread]: STDERR: "b''"
[0m16:05:32.148274 [info ] [MainThread]:  - git [[32mOK found[0m]

[0m16:05:32.149338 [info ] [MainThread]: Connection:
[0m16:05:32.150247 [info ] [MainThread]:   host: dbc-e4a968c6-8d14.cloud.databricks.com
[0m16:05:32.150247 [info ] [MainThread]:   http_path: /sql/1.0/warehouses/183697f92507ae24
[0m16:05:32.150247 [info ] [MainThread]:   catalog: dbt_dev_turorial
[0m16:05:32.151291 [info ] [MainThread]:   schema: source
[0m16:05:32.151291 [info ] [MainThread]: Registered adapter: databricks=1.10.9
[0m16:05:32.497382 [debug] [MainThread]: Databricks adapter: DatabricksDBTConnection(session-id=None, name=debug) - Creating connection
[0m16:05:32.497382 [debug] [MainThread]: Acquiring new databricks connection 'debug'
[0m16:05:32.497382 [debug] [MainThread]: Using databricks connection "debug"
[0m16:05:32.498383 [debug] [MainThread]: On debug: select 1 as id
[0m16:05:32.498383 [debug] [MainThread]: Opening a new connection, currently in state init
[0m16:05:33.440909 [debug] [MainThread]: Databricks adapter: Connection(session-id=01f0e723-51c4-1302-bc7d-a3e2448fe903) - Created
[0m16:05:33.915381 [debug] [MainThread]: SQL status: OK in 1.420 seconds
[0m16:05:33.916284 [debug] [MainThread]: Databricks adapter: Cursor(session-id=01f0e723-51c4-1302-bc7d-a3e2448fe903, command-id=01f0e723-51fe-1484-b3dc-d187d0f72ef7) - Closing
[0m16:05:33.917283 [debug] [MainThread]: On debug: Close
[0m16:05:33.917283 [debug] [MainThread]: Databricks adapter: Connection(session-id=01f0e723-51c4-1302-bc7d-a3e2448fe903) - Closing
[0m16:05:34.092933 [info ] [MainThread]:   Connection test: [[32mOK connection ok[0m]

[0m16:05:34.092933 [info ] [MainThread]: [31m1 check failed:[0m
[0m16:05:34.093931 [info ] [MainThread]: Project loading failed for the following reason:
 project path <C:\Users\KASABA\IdeaProjects\dbt-learn\dbt_project.yml> not found

[0m16:05:34.095479 [debug] [MainThread]: Command `dbt debug` failed at 16:05:34.095479 after 4.27 seconds
[0m16:05:34.096504 [debug] [MainThread]: Sending event: {'category': 'dbt', 'action': 'invocation', 'label': 'end', 'context': [<snowplow_tracker.self_describing_json.SelfDescribingJson object at 0x000001657C6D99A0>, <snowplow_tracker.self_describing_json.SelfDescribingJson object at 0x000001657C6DB0B0>, <snowplow_tracker.self_describing_json.SelfDescribingJson object at 0x00000165795E8A10>]}
[0m16:05:34.096504 [debug] [MainThread]: Flushing usage events
[0m16:05:34.384198 [debug] [MainThread]: An error was encountered while trying to flush usage events
